<?xml version="1.0" encoding="UTF-8"?>
<!-- Generated by org.testng.reporters.JUnitXMLReporter -->
<testsuite ignored="0" hostname="SarthakSyduAIO" failures="0" tests="3" name="Default test" time="0.03" errors="0" timestamp="2023-04-09T03:58:52 EDT">
  <testcase classname="testng_parallel.Demo1" name="method1" time="0.005"/>
  <testcase classname="testng_parallel.Demo1" name="method11" time="0.001"/>
  <testcase classname="testng_parallel.Demo1" name="method111" time="0.001"/>
</testsuite> <!-- Default test -->
