<?xml version="1.0" encoding="UTF-8"?>
<!-- Generated by org.testng.reporters.JUnitXMLReporter -->
<testsuite ignored="0" hostname="SarthakSyduAIO" failures="0" tests="3" name="Demo2Test" time="0.034" errors="0" timestamp="2023-04-09T04:02:38 EDT">
  <testcase classname="testng_parallel.Demo2" name="method2" time="0.005"/>
  <testcase classname="testng_parallel.Demo2" name="method22" time="0.001"/>
  <testcase classname="testng_parallel.Demo2" name="method222" time="0.001"/>
</testsuite> <!-- Demo2Test -->
